<?xml version="1.0" encoding="UTF-8"?>
<!-- Generated by org.testng.reporters.JUnitReportReporter -->
<testsuite hostname="ineicp-as-151" failures="0" tests="2" name="QaClickAcademy.MavenJava.AppiumTest" time="0.007" errors="0" timestamp="2021-07-11T23:46:55 IST" skipped="0">
  <testcase classname="QaClickAcademy.MavenJava.AppiumTest" name="NativeAndroid" time="0.001"/>
  <system-out/>
  <testcase classname="QaClickAcademy.MavenJava.AppiumTest" name="IOSApp" time="0.006"/>
  <system-out/>
</testsuite> <!-- QaClickAcademy.MavenJava.AppiumTest -->
