<?xml version="1.0" encoding="UTF-8"?>
<!-- Generated by org.testng.reporters.JUnitReportReporter -->
<testsuite hostname="ineicp-as-151" failures="0" tests="2" name="QaClickAcademy.MavenJava.RestAPITest" time="0.000" errors="0" timestamp="2021-07-12T09:19:28 IST" skipped="0">
  <testcase classname="QaClickAcademy.MavenJava.RestAPITest" name="DeleteTwitter" time="0.000"/>
  <system-out/>
  <testcase classname="QaClickAcademy.MavenJava.RestAPITest" name="PostJira" time="0.000"/>
  <system-out/>
</testsuite> <!-- QaClickAcademy.MavenJava.RestAPITest -->
