<?xml version="1.0" encoding="UTF-8"?>
<!-- Generated by org.testng.reporters.JUnitReportReporter -->
<testsuite hostname="ineicp-as-151" failures="0" tests="2" name="QaClickAcademy.MavenJava.AppiumTest" time="0.003" errors="0" timestamp="2021-07-12T09:19:28 IST" skipped="0">
  <testcase classname="QaClickAcademy.MavenJava.AppiumTest" name="NativeAndroid" time="0.000"/>
  <system-out/>
  <testcase classname="QaClickAcademy.MavenJava.AppiumTest" name="IOSApp" time="0.003"/>
  <system-out/>
</testsuite> <!-- QaClickAcademy.MavenJava.AppiumTest -->
